
> app@1.0.0 emulate
> firebase emulators:start --project demo-test

âš   emulators: You are not currently authenticated so some features may not work correctly. Please run firebase login to authenticate the CLI.
i  emulators: Starting emulators: functions, hosting, storage, extensions
i  emulators: Detected demo project ID "demo-test", emulated services will use a demo configuration and attempts to access non-emulated services for this project will fail.
i  storage: downloading cloud-storage-rules-runtime-v1.1.3.jar...

i  hosting[demo-test]: Serving hosting files from: public
âœ”  hosting[demo-test]: Local server: http://127.0.0.1:5000
i  ui: downloading ui-v1.15.0.zip...

i  functions: Watching "/app/functions" for Cloud Functions...
â¬¢  functions: Failed to load function definition from source: FirebaseError: There was an error reading functions/package.json:

 functions/lib/index.js does not exist, can't deploy Cloud Functions

[90mâ”Œâ”€â”€â”€â”€â”€â”€â”€â”€â”€â”€â”€â”€â”€â”€â”€â”€â”€â”€â”€â”€â”€â”€â”€â”€â”€â”€â”€â”€â”€â”€â”€â”€â”€â”€â”€â”€â”€â”€â”€â”€â”€â”€â”€â”€â”€â”€â”€â”€â”€â”€â”€â”€â”€â”€â”€â”€â”€â”€â”€â”€â”€â”[39m
[90mâ”‚[39m âœ”  All emulators ready! It is now safe to connect your app. [90mâ”‚[39m
[90mâ”‚[39m i  View Emulator UI at http://127.0.0.1:4000/               [90mâ”‚[39m
[90mâ””â”€â”€â”€â”€â”€â”€â”€â”€â”€â”€â”€â”€â”€â”€â”€â”€â”€â”€â”€â”€â”€â”€â”€â”€â”€â”€â”€â”€â”€â”€â”€â”€â”€â”€â”€â”€â”€â”€â”€â”€â”€â”€â”€â”€â”€â”€â”€â”€â”€â”€â”€â”€â”€â”€â”€â”€â”€â”€â”€â”€â”€â”˜[39m

[90mâ”Œâ”€â”€â”€â”€â”€â”€â”€â”€â”€â”€â”€â”€[39m[90mâ”¬â”€â”€â”€â”€â”€â”€â”€â”€â”€â”€â”€â”€â”€â”€â”€â”€[39m[90mâ”¬â”€â”€â”€â”€â”€â”€â”€â”€â”€â”€â”€â”€â”€â”€â”€â”€â”€â”€â”€â”€â”€â”€â”€â”€â”€â”€â”€â”€â”€â”€â”€â”€â”€â”€â”[39m
[90mâ”‚[39m[33m Emulator   [39m[90mâ”‚[39m[33m Host:Port      [39m[90mâ”‚[39m[33m View in Emulator UI              [39m[90mâ”‚[39m
[90mâ”œâ”€â”€â”€â”€â”€â”€â”€â”€â”€â”€â”€â”€[39m[90mâ”¼â”€â”€â”€â”€â”€â”€â”€â”€â”€â”€â”€â”€â”€â”€â”€â”€[39m[90mâ”¼â”€â”€â”€â”€â”€â”€â”€â”€â”€â”€â”€â”€â”€â”€â”€â”€â”€â”€â”€â”€â”€â”€â”€â”€â”€â”€â”€â”€â”€â”€â”€â”€â”€â”€â”¤[39m
[90mâ”‚[39m Functions  [90mâ”‚[39m 127.0.0.1:5001 [90mâ”‚[39m http://127.0.0.1:4000/functions  [90mâ”‚[39m
[90mâ”œâ”€â”€â”€â”€â”€â”€â”€â”€â”€â”€â”€â”€[39m[90mâ”¼â”€â”€â”€â”€â”€â”€â”€â”€â”€â”€â”€â”€â”€â”€â”€â”€[39m[90mâ”¼â”€â”€â”€â”€â”€â”€â”€â”€â”€â”€â”€â”€â”€â”€â”€â”€â”€â”€â”€â”€â”€â”€â”€â”€â”€â”€â”€â”€â”€â”€â”€â”€â”€â”€â”¤[39m
[90mâ”‚[39m Hosting    [90mâ”‚[39m 127.0.0.1:5000 [90mâ”‚[39m n/a                              [90mâ”‚[39m
[90mâ”œâ”€â”€â”€â”€â”€â”€â”€â”€â”€â”€â”€â”€[39m[90mâ”¼â”€â”€â”€â”€â”€â”€â”€â”€â”€â”€â”€â”€â”€â”€â”€â”€[39m[90mâ”¼â”€â”€â”€â”€â”€â”€â”€â”€â”€â”€â”€â”€â”€â”€â”€â”€â”€â”€â”€â”€â”€â”€â”€â”€â”€â”€â”€â”€â”€â”€â”€â”€â”€â”€â”¤[39m
[90mâ”‚[39m Storage    [90mâ”‚[39m 127.0.0.1:9199 [90mâ”‚[39m http://127.0.0.1:4000/storage    [90mâ”‚[39m
[90mâ”œâ”€â”€â”€â”€â”€â”€â”€â”€â”€â”€â”€â”€[39m[90mâ”¼â”€â”€â”€â”€â”€â”€â”€â”€â”€â”€â”€â”€â”€â”€â”€â”€[39m[90mâ”¼â”€â”€â”€â”€â”€â”€â”€â”€â”€â”€â”€â”€â”€â”€â”€â”€â”€â”€â”€â”€â”€â”€â”€â”€â”€â”€â”€â”€â”€â”€â”€â”€â”€â”€â”¤[39m
[90mâ”‚[39m Extensions [90mâ”‚[39m 127.0.0.1:5001 [90mâ”‚[39m http://127.0.0.1:4000/extensions [90mâ”‚[39m
[90mâ””â”€â”€â”€â”€â”€â”€â”€â”€â”€â”€â”€â”€[39m[90mâ”´â”€â”€â”€â”€â”€â”€â”€â”€â”€â”€â”€â”€â”€â”€â”€â”€[39m[90mâ”´â”€â”€â”€â”€â”€â”€â”€â”€â”€â”€â”€â”€â”€â”€â”€â”€â”€â”€â”€â”€â”€â”€â”€â”€â”€â”€â”€â”€â”€â”€â”€â”€â”€â”€â”˜[39m
  Emulator Hub host: 127.0.0.1 port: 4400
  Other reserved ports: 4500
[90mâ”Œâ”€â”€â”€â”€â”€â”€â”€â”€â”€â”€â”€â”€â”€â”€â”€â”€â”€â”€â”€â”€â”€â”€â”€â”€â”€[39m[90mâ”¬â”€â”€â”€â”€â”€â”€â”€â”€â”€â”€â”€â”€â”€â”€â”€[39m[90mâ”¬â”€â”€â”€â”€â”€â”€â”€â”€â”€â”€â”€â”€â”€â”€â”€â”€â”€â”€â”€â”€â”€â”[39m
[90mâ”‚[39m[33m Extension Instance Name [39m[90mâ”‚[39m[33m Extension Ref [39m[90mâ”‚[39m[33m View in Emulator UI [39m[90mâ”‚[39m
[90mâ””â”€â”€â”€â”€â”€â”€â”€â”€â”€â”€â”€â”€â”€â”€â”€â”€â”€â”€â”€â”€â”€â”€â”€â”€â”€[39m[90mâ”´â”€â”€â”€â”€â”€â”€â”€â”€â”€â”€â”€â”€â”€â”€â”€[39m[90mâ”´â”€â”€â”€â”€â”€â”€â”€â”€â”€â”€â”€â”€â”€â”€â”€â”€â”€â”€â”€â”€â”€â”˜[39m
Issues? Report them at https://github.com/firebase/firebase-tools/issues and attach the *-debug.log files.


i  emulators: Received SIGTERM for the first time. Starting a clean shutdown.
i  emulators: Please wait for a clean shutdown or send the SIGTERM signal again to stop right now.
i  emulators: Shutting down emulators.
i  ui: Stopping Emulator UI
i  extensions: Stopping Extensions Emulator
i  functions: Stopping Functions Emulator
i  hosting: Stopping Hosting Emulator
i  storage: Stopping Storage Emulator
i  eventarc: Stopping Eventarc Emulator
i  tasks: Stopping Cloud Tasks Emulator
i  hub: Stopping emulator hub
i  logging: Stopping Logging Emulator
